# JRE version: OpenJDK Runtime Environment (22.0.1+8) (build 22.0.1+8-16)
# Java VM: OpenJDK 64-Bit Server VM (22.0.1+8-16, mixed mode, emulated-client, sharing, tiered, compressed oops, compressed class ptrs, g1 gc, windows-amd64)
GC Precious Log:
 CardTable entry size: 512
 Card Set container configuration: InlinePtr #cards 4 size 8 Array Of Cards #cards 32 size 80 Howl #buckets 8 coarsen threshold 7372 Howl Bitmap #cards 1024 size 144 coarsen threshold 921 Card regions per heap region 1 cards per card region 8192
 CPUs: 12 total, 12 available
 Memory: 32509M
 Large Page Support: Disabled
 NUMA Support: Disabled
 Compressed Oops: Enabled (Zero based)
 Heap Region Size: 4M
 Heap Min Capacity: 8M
 Heap Initial Capacity: 508M
 Heap Max Capacity: 8128M
 Pre-touch: Disabled
 Parallel Workers: 10
 Concurrent Workers: 3
 Concurrent Refinement Workers: 10
 Periodic GC: Disabled
Heap:
 garbage-first heap   total reserved 8323072K, committed 69632K, used 37886K [0x0000000604000000, 0x0000000800000000)
  region size 4096K, 1 young (4096K), 1 survivors (4096K)
 Metaspace       used 71543K, committed 72384K, reserved 1114112K
  class space    used 10328K, committed 10688K, reserved 1048576K
GC Heap History (20 events):
Event: 1.782 GC heap after
{Heap after GC invocations=5 (full 0):
 garbage-first heap   total reserved 8323072K, committed 69632K, used 18027K [0x0000000604000000, 0x0000000800000000)
  region size 4096K, 1 young (4096K), 1 survivors (4096K)
 Metaspace       used 24487K, committed 24832K, reserved 1114112K
  class space    used 3396K, committed 3520K, reserved 1048576K
}
Event: 2.477 GC heap before
{Heap before GC invocations=5 (full 0):
 garbage-first heap   total reserved 8323072K, committed 69632K, used 46699K [0x0000000604000000, 0x0000000800000000)
  region size 4096K, 8 young (32768K), 1 survivors (4096K)
 Metaspace       used 28395K, committed 28928K, reserved 1114112K
  class space    used 3979K, committed 4224K, reserved 1048576K
}
Event: 2.481 GC heap after
{Heap after GC invocations=6 (full 0):
 garbage-first heap   total reserved 8323072K, committed 69632K, used 20624K [0x0000000604000000, 0x0000000800000000)
  region size 4096K, 1 young (4096K), 1 survivors (4096K)
 Metaspace       used 28395K, committed 28928K, reserved 1114112K
  class space    used 3979K, committed 4224K, reserved 1048576K
}
Event: 2.938 GC heap before
{Heap before GC invocations=6 (full 0):
 garbage-first heap   total reserved 8323072K, committed 69632K, used 45200K [0x0000000604000000, 0x0000000800000000)
  region size 4096K, 8 young (32768K), 1 survivors (4096K)
 Metaspace       used 32815K, committed 33280K, reserved 1114112K
  class space    used 4605K, committed 4800K, reserved 1048576K
}
Event: 2.943 GC heap after
{Heap after GC invocations=7 (full 0):
 garbage-first heap   total reserved 8323072K, committed 69632K, used 22880K [0x0000000604000000, 0x0000000800000000)
  region size 4096K, 1 young (4096K), 1 survivors (4096K)
 Metaspace       used 32815K, committed 33280K, reserved 1114112K
  class space    used 4605K, committed 4800K, reserved 1048576K
}
Event: 3.152 GC heap before
{Heap before GC invocations=7 (full 0):
 garbage-first heap   total reserved 8323072K, committed 69632K, used 35168K [0x0000000604000000, 0x0000000800000000)
  region size 4096K, 5 young (20480K), 1 survivors (4096K)
 Metaspace       used 35623K, committed 36096K, reserved 1114112K
  class space    used 4971K, committed 5184K, reserved 1048576K
}
Event: 3.155 GC heap after
{Heap after GC invocations=8 (full 0):
 garbage-first heap   total reserved 8323072K, committed 69632K, used 24198K [0x0000000604000000, 0x0000000800000000)
  region size 4096K, 1 young (4096K), 1 survivors (4096K)
 Metaspace       used 35623K, committed 36096K, reserved 1114112K
  class space    used 4971K, committed 5184K, reserved 1048576K
}
Event: 3.984 GC heap before
{Heap before GC invocations=9 (full 0):
 garbage-first heap   total reserved 8323072K, committed 69632K, used 52870K [0x0000000604000000, 0x0000000800000000)
  region size 4096K, 8 young (32768K), 1 survivors (4096K)
 Metaspace       used 42226K, committed 42880K, reserved 1114112K
  class space    used 5872K, committed 6144K, reserved 1048576K
}
Event: 3.987 GC heap after
{Heap after GC invocations=10 (full 0):
 garbage-first heap   total reserved 8323072K, committed 69632K, used 26720K [0x0000000604000000, 0x0000000800000000)
  region size 4096K, 1 young (4096K), 1 survivors (4096K)
 Metaspace       used 42226K, committed 42880K, reserved 1114112K
  class space    used 5872K, committed 6144K, reserved 1048576K
}
Event: 4.505 GC heap before
{Heap before GC invocations=10 (full 0):
 garbage-first heap   total reserved 8323072K, committed 69632K, used 55392K [0x0000000604000000, 0x0000000800000000)
  region size 4096K, 8 young (32768K), 1 survivors (4096K)
 Metaspace       used 48762K, committed 49408K, reserved 1114112K
  class space    used 6948K, committed 7232K, reserved 1048576K
}
Event: 4.510 GC heap after
{Heap after GC invocations=11 (full 0):
 garbage-first heap   total reserved 8323072K, committed 69632K, used 27479K [0x0000000604000000, 0x0000000800000000)
  region size 4096K, 1 young (4096K), 1 survivors (4096K)
 Metaspace       used 48762K, committed 49408K, reserved 1114112K
  class space    used 6948K, committed 7232K, reserved 1048576K
}
Event: 5.268 GC heap before
{Heap before GC invocations=11 (full 0):
 garbage-first heap   total reserved 8323072K, committed 69632K, used 52055K [0x0000000604000000, 0x0000000800000000)
  region size 4096K, 8 young (32768K), 1 survivors (4096K)
 Metaspace       used 56305K, committed 56896K, reserved 1114112K
  class space    used 8131K, committed 8384K, reserved 1048576K
}
Event: 5.271 GC heap after
{Heap after GC invocations=12 (full 0):
 garbage-first heap   total reserved 8323072K, committed 69632K, used 28584K [0x0000000604000000, 0x0000000800000000)
  region size 4096K, 1 young (4096K), 1 survivors (4096K)
 Metaspace       used 56305K, committed 56896K, reserved 1114112K
  class space    used 8131K, committed 8384K, reserved 1048576K
}
Event: 5.655 GC heap before
{Heap before GC invocations=12 (full 0):
 garbage-first heap   total reserved 8323072K, committed 69632K, used 40872K [0x0000000604000000, 0x0000000800000000)
  region size 4096K, 5 young (20480K), 1 survivors (4096K)
 Metaspace       used 59870K, committed 60480K, reserved 1114112K
  class space    used 8701K, committed 8960K, reserved 1048576K
}
Event: 5.658 GC heap after
{Heap after GC invocations=13 (full 0):
 garbage-first heap   total reserved 8323072K, committed 69632K, used 29168K [0x0000000604000000, 0x0000000800000000)
  region size 4096K, 1 young (4096K), 1 survivors (4096K)
 Metaspace       used 59870K, committed 60480K, reserved 1114112K
  class space    used 8701K, committed 8960K, reserved 1048576K
}
Event: 6.282 GC heap before
{Heap before GC invocations=14 (full 0):
 garbage-first heap   total reserved 8323072K, committed 69632K, used 57840K [0x0000000604000000, 0x0000000800000000)
  region size 4096K, 8 young (32768K), 1 survivors (4096K)
 Metaspace       used 63704K, committed 64448K, reserved 1114112K
  class space    used 9271K, committed 9600K, reserved 1048576K
}
Event: 6.285 GC heap after
{Heap after GC invocations=15 (full 0):
 garbage-first heap   total reserved 8323072K, committed 69632K, used 31809K [0x0000000604000000, 0x0000000800000000)
  region size 4096K, 1 young (4096K), 1 survivors (4096K)
 Metaspace       used 63704K, committed 64448K, reserved 1114112K
  class space    used 9271K, committed 9600K, reserved 1048576K
}
Event: 6.629 GC heap before
{Heap before GC invocations=15 (full 0):
 garbage-first heap   total reserved 8323072K, committed 69632K, used 56385K [0x0000000604000000, 0x0000000800000000)
  region size 4096K, 8 young (32768K), 1 survivors (4096K)
 Metaspace       used 69161K, committed 69952K, reserved 1114112K
  class space    used 9964K, committed 10304K, reserved 1048576K
}
Event: 6.633 GC heap after
{Heap after GC invocations=16 (full 0):
 garbage-first heap   total reserved 8323072K, committed 69632K, used 34994K [0x0000000604000000, 0x0000000800000000)
  region size 4096K, 1 young (4096K), 1 survivors (4096K)
 Metaspace       used 69161K, committed 69952K, reserved 1114112K
  class space    used 9964K, committed 10304K, reserved 1048576K
}
Event: 6.912 GC heap before
{Heap before GC invocations=16 (full 0):
 garbage-first heap   total reserved 8323072K, committed 69632K, used 59570K [0x0000000604000000, 0x0000000800000000)
  region size 4096K, 7 young (28672K), 1 survivors (4096K)
 Metaspace       used 71543K, committed 72384K, reserved 1114112K
  class space    used 10328K, committed 10688K, reserved 1048576K
}

